
Showing logs for build [32mcb-kubecd-environment-pr-115-1-b57bp-1[0m stage [32mfrom-build-pack[0m and container [32mstep-credential-initializer-swbg7[0m
{"level":"warn","ts":1576760829.3209941,"logger":"fallback-logger","caller":"logging/config.go:69","msg":"Fetch GitHub commit ID from kodata failed: \"ref: refs/heads/master\" is not a valid GitHub commit ID"}
{"level":"info","ts":1576760829.322005,"logger":"fallback-logger","caller":"creds-init/main.go:40","msg":"Credentials initialized."}

Showing logs for build [32mcb-kubecd-environment-pr-115-1-b57bp-1[0m stage [32mfrom-build-pack[0m and container [32mstep-working-dir-initializer-mq6pd[0m
{"level":"warn","ts":1576760830.3202353,"logger":"fallback-logger","caller":"logging/config.go:69","msg":"Fetch GitHub commit ID from kodata failed: open /var/run/ko/HEAD: no such file or directory"}
{"level":"info","ts":1576760830.3218606,"logger":"fallback-logger","caller":"bash/main.go:65","msg":"Successfully executed command \"mkdir -p /workspace/source\""}

Showing logs for build [32mcb-kubecd-environment-pr-115-1-b57bp-1[0m stage [32mfrom-build-pack[0m and container [32mstep-place-tools[0m

Showing logs for build [32mcb-kubecd-environment-pr-115-1-b57bp-1[0m stage [32mfrom-build-pack[0m and container [32mstep-git-source-cb-kubecd-environment-pr-115-1-wd2dz[0m
{"level":"warn","ts":1576760836.523843,"logger":"fallback-logger","caller":"logging/config.go:69","msg":"Fetch GitHub commit ID from kodata failed: \"ref: refs/heads/master\" is not a valid GitHub commit ID"}
{"level":"info","ts":1576760837.7616167,"logger":"fallback-logger","caller":"git/git.go:102","msg":"Successfully cloned https://github.com/cb-kubecd/environment-pr-115-1-boot-gke-staging.git @ master in path /workspace/source"}

Showing logs for build [32mcb-kubecd-environment-pr-115-1-b57bp-1[0m stage [32mfrom-build-pack[0m and container [32mstep-git-merge[0m
Using SHAs from PULL_REFS=master:84c1dee5c9c7acc0a567a884bcba97862d9f09b4,4:01340783882c0682f69225f8edcbd3e3205907c3
DEBUG: ran git fetch --unshallow origin 01340783882c0682f69225f8edcbd3e3205907c3: 84c1dee5c9c7acc0a567a884bcba97862d9f09b4: in 
DEBUG: ran git checkout master in 
DEBUG: ran git reset --hard 84c1dee5c9c7acc0a567a884bcba97862d9f09b4 in 
DEBUG: ran clean --force -d . in 
DEBUG: ran git merge 01340783882c0682f69225f8edcbd3e3205907c3 in 
Merged SHA 01340783882c0682f69225f8edcbd3e3205907c3 with commit message 'chore: Promote bdd-sbhg-1576759373 to version 0.0.1' into base branch master

Showing logs for build [32mcb-kubecd-environment-pr-115-1-b57bp-1[0m stage [32mfrom-build-pack[0m and container [32mstep-build-helm-build[0m
WARNING: No $CHART_REPOSITORY defined so using the default value of: http://jenkins-x-chartmuseum:8080
Adding missing Helm repo: storage.googleapis.com https://storage.googleapis.com/chartmuseum.jenkins-x.io
WARNING: No secrets found on "helm/repos" due: reading the secret "helm/repos" from vault: no secret "helm/repos" not found in vault
Read credentials for https://storage.googleapis.com/chartmuseum.jenkins-x.io from vault helm/repos
Successfully added Helm repository storage.googleapis.com.
Adding missing Helm repo: jenkins-x-chartmuseum http://jenkins-x-chartmuseum:8080
WARNING: No secrets found on "helm/repos" due: reading the secret "helm/repos" from vault: no secret "helm/repos" not found in vault
Read credentials for http://jenkins-x-chartmuseum:8080 from vault helm/repos
Successfully added Helm repository jenkins-x-chartmuseum.
WARNING: No $CHART_REPOSITORY defined so using the default value of: http://jenkins-x-chartmuseum:8080
Adding missing Helm repo: chartmuseum.jenkins-x.io http://chartmuseum.jenkins-x.io
WARNING: No secrets found on "helm/repos" due: reading the secret "helm/repos" from vault: no secret "helm/repos" not found in vault
Read credentials for http://chartmuseum.jenkins-x.io from vault helm/repos
Successfully added Helm repository chartmuseum.jenkins-x.io.
