
Showing logs for build [32mcb-kubecd-environment-pr-115-1-plqmw-1[0m stage [32mfrom-build-pack[0m and container [32mstep-credential-initializer-94xwd[0m
{"level":"warn","ts":1576763402.8333192,"logger":"fallback-logger","caller":"logging/config.go:69","msg":"Fetch GitHub commit ID from kodata failed: \"ref: refs/heads/master\" is not a valid GitHub commit ID"}
{"level":"info","ts":1576763402.8339684,"logger":"fallback-logger","caller":"creds-init/main.go:40","msg":"Credentials initialized."}

Showing logs for build [32mcb-kubecd-environment-pr-115-1-plqmw-1[0m stage [32mfrom-build-pack[0m and container [32mstep-working-dir-initializer-bgr76[0m
{"level":"warn","ts":1576763403.3347352,"logger":"fallback-logger","caller":"logging/config.go:69","msg":"Fetch GitHub commit ID from kodata failed: open /var/run/ko/HEAD: no such file or directory"}
{"level":"info","ts":1576763403.3366077,"logger":"fallback-logger","caller":"bash/main.go:65","msg":"Successfully executed command \"mkdir -p /workspace/source\""}

Showing logs for build [32mcb-kubecd-environment-pr-115-1-plqmw-1[0m stage [32mfrom-build-pack[0m and container [32mstep-place-tools[0m

Showing logs for build [32mcb-kubecd-environment-pr-115-1-plqmw-1[0m stage [32mfrom-build-pack[0m and container [32mstep-git-source-cb-kubecd-environment-pr-115-1-q5448[0m
{"level":"warn","ts":1576763409.5825708,"logger":"fallback-logger","caller":"logging/config.go:69","msg":"Fetch GitHub commit ID from kodata failed: \"ref: refs/heads/master\" is not a valid GitHub commit ID"}
{"level":"info","ts":1576763410.7356339,"logger":"fallback-logger","caller":"git/git.go:102","msg":"Successfully cloned https://github.com/cb-kubecd/environment-pr-115-1-boot-gke-staging.git @ master in path /workspace/source"}

Showing logs for build [32mcb-kubecd-environment-pr-115-1-plqmw-1[0m stage [32mfrom-build-pack[0m and container [32mstep-git-merge[0m
Using SHAs from PULL_REFS=master:cdf3a91d2c666325db31f8351e268f5e3754818b,8:8adc649bf5f8b3e65f0930b1d5356f9cf62a8bc9
DEBUG: ran git fetch --unshallow origin 8adc649bf5f8b3e65f0930b1d5356f9cf62a8bc9: cdf3a91d2c666325db31f8351e268f5e3754818b: in 
DEBUG: ran git checkout master in 
DEBUG: ran git reset --hard cdf3a91d2c666325db31f8351e268f5e3754818b in 
DEBUG: ran clean --force -d . in 
DEBUG: ran git merge 8adc649bf5f8b3e65f0930b1d5356f9cf62a8bc9 in 
Merged SHA 8adc649bf5f8b3e65f0930b1d5356f9cf62a8bc9 with commit message 'chore: Promote bdd-nh-import-1576761439 to version 0.0.1' into base branch master

Showing logs for build [32mcb-kubecd-environment-pr-115-1-plqmw-1[0m stage [32mfrom-build-pack[0m and container [32mstep-build-helm-build[0m
WARNING: No $CHART_REPOSITORY defined so using the default value of: http://jenkins-x-chartmuseum:8080
Adding missing Helm repo: storage.googleapis.com https://storage.googleapis.com/chartmuseum.jenkins-x.io
WARNING: No secrets found on "helm/repos" due: reading the secret "helm/repos" from vault: no secret "helm/repos" not found in vault
Read credentials for https://storage.googleapis.com/chartmuseum.jenkins-x.io from vault helm/repos
Successfully added Helm repository storage.googleapis.com.
Adding missing Helm repo: jenkins-x-chartmuseum http://jenkins-x-chartmuseum:8080
WARNING: No secrets found on "helm/repos" due: reading the secret "helm/repos" from vault: no secret "helm/repos" not found in vault
Read credentials for http://jenkins-x-chartmuseum:8080 from vault helm/repos
Successfully added Helm repository jenkins-x-chartmuseum.
WARNING: No $CHART_REPOSITORY defined so using the default value of: http://jenkins-x-chartmuseum:8080
Adding missing Helm repo: chartmuseum.jenkins-x.io http://chartmuseum.jenkins-x.io
WARNING: No secrets found on "helm/repos" due: reading the secret "helm/repos" from vault: no secret "helm/repos" not found in vault
Read credentials for http://chartmuseum.jenkins-x.io from vault helm/repos
Successfully added Helm repository chartmuseum.jenkins-x.io.
