
Showing logs for build [32mcb-kubecd-environment-pr-115-1-rmh27-1[0m stage [32mfrom-build-pack[0m and container [32mstep-credential-initializer-2hl9k[0m
{"level":"warn","ts":1576760209.1762114,"logger":"fallback-logger","caller":"logging/config.go:69","msg":"Fetch GitHub commit ID from kodata failed: \"ref: refs/heads/master\" is not a valid GitHub commit ID"}
{"level":"info","ts":1576760209.1774125,"logger":"fallback-logger","caller":"creds-init/main.go:40","msg":"Credentials initialized."}

Showing logs for build [32mcb-kubecd-environment-pr-115-1-rmh27-1[0m stage [32mfrom-build-pack[0m and container [32mstep-working-dir-initializer-nkgl2[0m
{"level":"warn","ts":1576760210.115976,"logger":"fallback-logger","caller":"logging/config.go:69","msg":"Fetch GitHub commit ID from kodata failed: open /var/run/ko/HEAD: no such file or directory"}
{"level":"info","ts":1576760210.1177876,"logger":"fallback-logger","caller":"bash/main.go:65","msg":"Successfully executed command \"mkdir -p /workspace/source\""}

Showing logs for build [32mcb-kubecd-environment-pr-115-1-rmh27-1[0m stage [32mfrom-build-pack[0m and container [32mstep-place-tools[0m

Showing logs for build [32mcb-kubecd-environment-pr-115-1-rmh27-1[0m stage [32mfrom-build-pack[0m and container [32mstep-git-source-cb-kubecd-environment-pr-115-1-25pkv[0m
{"level":"warn","ts":1576760215.5464485,"logger":"fallback-logger","caller":"logging/config.go:69","msg":"Fetch GitHub commit ID from kodata failed: \"ref: refs/heads/master\" is not a valid GitHub commit ID"}
{"level":"info","ts":1576760216.6734571,"logger":"fallback-logger","caller":"git/git.go:102","msg":"Successfully cloned https://github.com/cb-kubecd/environment-pr-115-1-boot-gke-staging.git @ master in path /workspace/source"}

Showing logs for build [32mcb-kubecd-environment-pr-115-1-rmh27-1[0m stage [32mfrom-build-pack[0m and container [32mstep-git-merge[0m
Using SHAs from PULL_REFS=master:1fc5f192ef23b36ed6d7fcfa5639b09df6a26205,3:ab3039998203cc54ab8759e21644d2d827b5b01a
DEBUG: ran git fetch --unshallow origin ab3039998203cc54ab8759e21644d2d827b5b01a: 1fc5f192ef23b36ed6d7fcfa5639b09df6a26205: in 
DEBUG: ran git checkout master in 
DEBUG: ran git reset --hard 1fc5f192ef23b36ed6d7fcfa5639b09df6a26205 in 
DEBUG: ran clean --force -d . in 
DEBUG: ran git merge ab3039998203cc54ab8759e21644d2d827b5b01a in 
Merged SHA ab3039998203cc54ab8759e21644d2d827b5b01a with commit message 'chore: Promote bdd-gh-1576759373 to version 0.0.1' into base branch master

Showing logs for build [32mcb-kubecd-environment-pr-115-1-rmh27-1[0m stage [32mfrom-build-pack[0m and container [32mstep-build-helm-build[0m
WARNING: No $CHART_REPOSITORY defined so using the default value of: http://jenkins-x-chartmuseum:8080
Adding missing Helm repo: storage.googleapis.com https://storage.googleapis.com/chartmuseum.jenkins-x.io
WARNING: No secrets found on "helm/repos" due: reading the secret "helm/repos" from vault: no secret "helm/repos" not found in vault
Read credentials for https://storage.googleapis.com/chartmuseum.jenkins-x.io from vault helm/repos
Successfully added Helm repository storage.googleapis.com.
Adding missing Helm repo: jenkins-x-chartmuseum http://jenkins-x-chartmuseum:8080
WARNING: No secrets found on "helm/repos" due: reading the secret "helm/repos" from vault: no secret "helm/repos" not found in vault
Read credentials for http://jenkins-x-chartmuseum:8080 from vault helm/repos
Successfully added Helm repository jenkins-x-chartmuseum.
WARNING: No $CHART_REPOSITORY defined so using the default value of: http://jenkins-x-chartmuseum:8080
Adding missing Helm repo: chartmuseum.jenkins-x.io http://chartmuseum.jenkins-x.io
WARNING: No secrets found on "helm/repos" due: reading the secret "helm/repos" from vault: no secret "helm/repos" not found in vault
Read credentials for http://chartmuseum.jenkins-x.io from vault helm/repos
Successfully added Helm repository chartmuseum.jenkins-x.io.
